#
# There is insufficient memory for the Java Runtime Environment to continue.
# Native memory allocation (malloc) failed to allocate 1568016 bytes. Error detail: Chunk::new
# Possible reasons:
#   The system is out of physical RAM or swap space
#   This process is running with CompressedOops enabled, and the Java Heap may be blocking the growth of the native heap
# Possible solutions:
#   Reduce memory load on the system
#   Increase physical memory or swap space
#   Check if swap backing store is full
#   Decrease Java heap size (-Xmx/-Xms)
#   Decrease number of Java threads
#   Decrease Java thread stack sizes (-Xss)
#   Set larger code cache with -XX:ReservedCodeCacheSize=
#   JVM is running with Unscaled Compressed Oops mode in which the Java heap is
#     placed in the first 4GB address space. The Java Heap base address is the
#     maximum limit for the native heap growth. Please use -XX:HeapBaseMinAddress
#     to set the Java Heap base and to place the Java Heap above 4GB virtual address.
# This output file may be truncated or incomplete.
#
#  Out of Memory Error (arena.cpp:168), pid=80600, tid=63704
#
# JRE version: OpenJDK Runtime Environment Temurin-21.0.8+9 (21.0.8+9) (build 21.0.8+9-LTS)
# Java VM: OpenJDK 64-Bit Server VM Temurin-21.0.8+9 (21.0.8+9-LTS, mixed mode, sharing, tiered, compressed oops, compressed class ptrs, parallel gc, windows-amd64)
# No core dump will be written. Minidumps are not enabled by default on client versions of Windows
#

---------------  S U M M A R Y ------------

Command Line: --add-modules=ALL-SYSTEM --add-opens=java.base/java.util=ALL-UNNAMED --add-opens=java.base/java.lang=ALL-UNNAMED --add-opens=java.base/sun.nio.fs=ALL-UNNAMED -Declipse.application=org.eclipse.jdt.ls.core.id1 -Dosgi.bundles.defaultStartLevel=4 -Declipse.product=org.eclipse.jdt.ls.core.product -Djava.import.generatesMetadataFilesAtProjectRoot=false -DDetectVMInstallationsJob.disabled=true -Dfile.encoding=utf8 -XX:+UseParallelGC -XX:GCTimeRatio=4 -XX:AdaptiveSizePolicyWeight=90 -Dsun.zip.disableMemoryMapping=true -Xmx2G -Xms100m -Xlog:disable -javaagent:c:\Users\WINDOWS 11\.vscode\extensions\redhat.java-1.46.0-win32-x64\lombok\lombok-1.18.39-4050.jar -XX:+HeapDumpOnOutOfMemoryError -XX:HeapDumpPath=c:\Users\WINDOWS 11\AppData\Roaming\Code\User\workspaceStorage\37ecb63578796b237bf467e3dc9e26c9\redhat.java -Daether.dependencyCollector.impl=bf c:\Users\WINDOWS 11\.vscode\extensions\redhat.java-1.46.0-win32-x64\server\plugins\org.eclipse.equinox.launcher_1.7.0.v20250519-0528.jar -configuration c:\Users\WINDOWS 11\AppData\Roaming\Code\User\globalStorage\redhat.java\1.46.0\config_win -data c:\Users\WINDOWS 11\AppData\Roaming\Code\User\workspaceStorage\37ecb63578796b237bf467e3dc9e26c9\redhat.java\jdt_ws --pipe=\\.\pipe\lsp-92fbcd7b619c21ec31647e9d3e338b6c-sock

Host: AMD Ryzen 3 7320U with Radeon Graphics         , 8 cores, 5G,  Windows 11 , 64 bit Build 26100 (10.0.26100.5074)
Time: Wed Oct  8 18:16:29 2025 SE Asia Standard Time elapsed time: 21.875943 seconds (0d 0h 0m 21s)

---------------  T H R E A D  ---------------

Current thread (0x00000271cd90deb0):  JavaThread "C2 CompilerThread0" daemon [_thread_in_native, id=63704, stack(0x00000098d9b00000,0x00000098d9c00000) (1024K)]


Current CompileTask:
C2:21875 3853       4       org.lombokweb.asm.ClassReader::readMethod (1070 bytes)

Stack: [0x00000098d9b00000,0x00000098d9c00000]
Native frames: (J=compiled Java code, j=interpreted, Vv=VM code, C=native code)
V  [jvm.dll+0x6d2449]
V  [jvm.dll+0x8ae341]
V  [jvm.dll+0x8b08be]
V  [jvm.dll+0x8b0fa3]
V  [jvm.dll+0x280c96]
V  [jvm.dll+0xc581d]
V  [jvm.dll+0xc5d53]
V  [jvm.dll+0x3b9162]
V  [jvm.dll+0x385315]
V  [jvm.dll+0x38477a]
V  [jvm.dll+0x248ed0]
V  [jvm.dll+0x2484af]
V  [jvm.dll+0x1c89ee]
V  [jvm.dll+0x257d4d]
V  [jvm.dll+0x2562ea]
V  [jvm.dll+0x3f2d16]
V  [jvm.dll+0x857e6b]
V  [jvm.dll+0x6d0b0d]
C  [ucrtbase.dll+0x37b0]
C  [KERNEL32.DLL+0x2e8d7]
C  [ntdll.dll+0x8d9c]


---------------  P R O C E S S  ---------------

Threads class SMR info:
_java_thread_list=0x00000271eb784c70, length=24, elements={
0x00000271cd98e7e0, 0x00000271cd8ff990, 0x00000271cd904220, 0x00000271cd905200,
0x00000271cd9073b0, 0x00000271cd908130, 0x00000271cd90acc0, 0x00000271cd90deb0,
0x00000271e5bf4d40, 0x00000271e5c5e650, 0x00000271e5efab30, 0x00000271e5ea5a60,
0x00000271ea132590, 0x00000271ea68dc50, 0x00000271ea68e680, 0x00000271eab66980,
0x00000271ea184f90, 0x00000271eb1b0030, 0x00000271eb0f3630, 0x00000271ea9acb10,
0x00000271ea9adec0, 0x00000271ea9aebe0, 0x00000271ea9ac480, 0x00000271ea9af900
}

Java Threads: ( => current thread )
  0x00000271cd98e7e0 JavaThread "main"                              [_thread_blocked, id=64044, stack(0x00000098d9100000,0x00000098d9200000) (1024K)]
  0x00000271cd8ff990 JavaThread "Reference Handler"          daemon [_thread_blocked, id=66760, stack(0x00000098d9500000,0x00000098d9600000) (1024K)]
  0x00000271cd904220 JavaThread "Finalizer"                  daemon [_thread_blocked, id=3140, stack(0x00000098d9600000,0x00000098d9700000) (1024K)]
  0x00000271cd905200 JavaThread "Signal Dispatcher"          daemon [_thread_blocked, id=70064, stack(0x00000098d9700000,0x00000098d9800000) (1024K)]
  0x00000271cd9073b0 JavaThread "Attach Listener"            daemon [_thread_blocked, id=80156, stack(0x00000098d9800000,0x00000098d9900000) (1024K)]
  0x00000271cd908130 JavaThread "Service Thread"             daemon [_thread_blocked, id=60120, stack(0x00000098d9900000,0x00000098d9a00000) (1024K)]
  0x00000271cd90acc0 JavaThread "Monitor Deflation Thread"   daemon [_thread_blocked, id=66880, stack(0x00000098d9a00000,0x00000098d9b00000) (1024K)]
=>0x00000271cd90deb0 JavaThread "C2 CompilerThread0"         daemon [_thread_in_native, id=63704, stack(0x00000098d9b00000,0x00000098d9c00000) (1024K)]
  0x00000271e5bf4d40 JavaThread "C1 CompilerThread0"         daemon [_thread_blocked, id=80260, stack(0x00000098d9c00000,0x00000098d9d00000) (1024K)]
  0x00000271e5c5e650 JavaThread "Common-Cleaner"             daemon [_thread_blocked, id=324, stack(0x00000098d9d00000,0x00000098d9e00000) (1024K)]
  0x00000271e5efab30 JavaThread "Notification Thread"        daemon [_thread_blocked, id=2336, stack(0x00000098d9e00000,0x00000098d9f00000) (1024K)]
  0x00000271e5ea5a60 JavaThread "Active Thread: Equinox Container: 1048f53d-8889-4f54-8572-834e085313e9"        [_thread_blocked, id=82292, stack(0x00000098da500000,0x00000098da600000) (1024K)]
  0x00000271ea132590 JavaThread "Refresh Thread: Equinox Container: 1048f53d-8889-4f54-8572-834e085313e9" daemon [_thread_blocked, id=82316, stack(0x00000098da800000,0x00000098da900000) (1024K)]
  0x00000271ea68dc50 JavaThread "Framework Event Dispatcher: Equinox Container: 1048f53d-8889-4f54-8572-834e085313e9" daemon [_thread_blocked, id=82320, stack(0x00000098da900000,0x00000098daa00000) (1024K)]
  0x00000271ea68e680 JavaThread "Start Level: Equinox Container: 1048f53d-8889-4f54-8572-834e085313e9" daemon [_thread_in_vm, id=82324, stack(0x00000098daa00000,0x00000098dab00000) (1024K)]
  0x00000271eab66980 JavaThread "Bundle File Closer"         daemon [_thread_blocked, id=82480, stack(0x00000098da600000,0x00000098da700000) (1024K)]
  0x00000271ea184f90 JavaThread "SCR Component Actor"        daemon [_thread_blocked, id=82632, stack(0x00000098dab00000,0x00000098dac00000) (1024K)]
  0x00000271eb1b0030 JavaThread "Worker-JM"                         [_thread_blocked, id=82708, stack(0x00000098dac00000,0x00000098dad00000) (1024K)]
  0x00000271eb0f3630 JavaThread "JNA Cleaner"                daemon [_thread_blocked, id=81028, stack(0x00000098dad00000,0x00000098dae00000) (1024K)]
  0x00000271ea9acb10 JavaThread "Worker-0: Updating Maven Dependencies"        [_thread_in_vm, id=82116, stack(0x00000098dae00000,0x00000098daf00000) (1024K)]
  0x00000271ea9adec0 JavaThread "Worker-1: Repository registry initialization"        [_thread_blocked, id=82164, stack(0x00000098daf00000,0x00000098db000000) (1024K)]
  0x00000271ea9aebe0 JavaThread "Worker-2"                          [_thread_blocked, id=82360, stack(0x00000098db000000,0x00000098db100000) (1024K)]
  0x00000271ea9ac480 JavaThread "Worker-3"                          [_thread_blocked, id=81908, stack(0x00000098db100000,0x00000098db200000) (1024K)]
  0x00000271ea9af900 JavaThread "Java indexing"              daemon [_thread_blocked, id=69320, stack(0x00000098db200000,0x00000098db300000) (1024K)]
Total: 24

Other Threads:
  0x00000271cd8e28a0 VMThread "VM Thread"                           [id=77936, stack(0x00000098d9400000,0x00000098d9500000) (1024K)]
  0x00000271cd81ca00 WatcherThread "VM Periodic Task Thread"        [id=77456, stack(0x00000098d9300000,0x00000098d9400000) (1024K)]
  0x00000271cd9adf00 WorkerThread "GC Thread#0"                     [id=80384, stack(0x00000098d9200000,0x00000098d9300000) (1024K)]
  0x00000271ea245970 WorkerThread "GC Thread#1"                     [id=77424, stack(0x00000098d9f00000,0x00000098da000000) (1024K)]
  0x00000271ea612a80 WorkerThread "GC Thread#2"                     [id=81568, stack(0x00000098da000000,0x00000098da100000) (1024K)]
  0x00000271e5f7e320 WorkerThread "GC Thread#3"                     [id=80672, stack(0x00000098da100000,0x00000098da200000) (1024K)]
  0x00000271ea39d020 WorkerThread "GC Thread#4"                     [id=76380, stack(0x00000098da200000,0x00000098da300000) (1024K)]
  0x00000271ea39d3c0 WorkerThread "GC Thread#5"                     [id=78556, stack(0x00000098da300000,0x00000098da400000) (1024K)]
  0x00000271ea39d760 WorkerThread "GC Thread#6"                     [id=81928, stack(0x00000098da400000,0x00000098da500000) (1024K)]
  0x00000271ea068490 WorkerThread "GC Thread#7"                     [id=82312, stack(0x00000098da700000,0x00000098da800000) (1024K)]
Total: 10

Threads with active compile tasks:
C2 CompilerThread0  21919 3853       4       org.lombokweb.asm.ClassReader::readMethod (1070 bytes)
Total: 1

VM state: not at safepoint (normal execution)

VM Mutex/Monitor currently owned by a thread: None

Heap address: 0x0000000080000000, size: 2048 MB, Compressed Oops mode: 32-bit

CDS archive(s) mapped at: [0x0000027180000000-0x0000027180ba0000-0x0000027180ba0000), size 12189696, SharedBaseAddress: 0x0000027180000000, ArchiveRelocationMode: 1.
Compressed class space mapped at: 0x0000027181000000-0x00000271c1000000, reserved size: 1073741824
Narrow klass base: 0x0000027180000000, Narrow klass shift: 0, Narrow klass range: 0x100000000

GC Precious Log:
 CardTable entry size: 512
 CPUs: 8 total, 8 available
 Memory: 5877M
 Large Page Support: Disabled
 NUMA Support: Disabled
 Compressed Oops: Enabled (32-bit)
 Alignments: Space 512K, Generation 512K, Heap 2M
 Heap Min Capacity: 100M
 Heap Initial Capacity: 100M
 Heap Max Capacity: 2G
 Pre-touch: Disabled
 Parallel Workers: 8

Heap:
 PSYoungGen      total 25600K, used 23707K [0x00000000d5580000, 0x00000000d7300000, 0x0000000100000000)
  eden space 23552K, 93% used [0x00000000d5580000,0x00000000d6af5dd0,0x00000000d6c80000)
  from space 2048K, 84% used [0x00000000d6f80000,0x00000000d7131008,0x00000000d7180000)
  to   space 1536K, 0% used [0x00000000d7180000,0x00000000d7180000,0x00000000d7300000)
 ParOldGen       total 68608K, used 13768K [0x0000000080000000, 0x0000000084300000, 0x00000000d5580000)
  object space 68608K, 20% used [0x0000000080000000,0x0000000080d72198,0x0000000084300000)
 Metaspace       used 27973K, committed 28928K, reserved 1114112K
  class space    used 2752K, committed 3136K, reserved 1048576K

Card table byte_map: [0x00000271cd330000,0x00000271cd740000] _byte_map_base: 0x00000271ccf30000

Marking Bits: (ParMarkBitMap*) 0x00007ffa148ba340
 Begin Bits: [0x00000271dfe30000, 0x00000271e1e30000)
 End Bits:   [0x00000271e1e30000, 0x00000271e3e30000)

Polling page: 0x00000271cb820000

Metaspace:

Usage:
  Non-class:     24.63 MB used.
      Class:      2.69 MB used.
       Both:     27.32 MB used.

Virtual space:
  Non-class space:       64.00 MB reserved,      25.19 MB ( 39%) committed,  1 nodes.
      Class space:        1.00 GB reserved,       3.06 MB ( <1%) committed,  1 nodes.
             Both:        1.06 GB reserved,      28.25 MB (  3%) committed. 

Chunk freelists:
   Non-Class:  6.41 MB
       Class:  12.95 MB
        Both:  19.36 MB

MaxMetaspaceSize: unlimited
CompressedClassSpaceSize: 1.00 GB
Initial GC threshold: 21.00 MB
Current GC threshold: 35.00 MB
CDS: on
 - commit_granule_bytes: 65536.
 - commit_granule_words: 8192.
 - virtual_space_node_default_size: 8388608.
 - enlarge_chunks_in_place: 1.
 - use_allocation_guard: 0.


Internal statistics:

num_allocs_failed_limit: 3.
num_arena_births: 718.
num_arena_deaths: 14.
num_vsnodes_births: 2.
num_vsnodes_deaths: 0.
num_space_committed: 452.
num_space_uncommitted: 0.
num_chunks_returned_to_freelist: 17.
num_chunks_taken_from_freelist: 1874.
num_chunk_merges: 9.
num_chunk_splits: 1191.
num_chunks_enlarged: 753.
num_inconsistent_stats: 0.

CodeHeap 'non-profiled nmethods': size=120000Kb used=1735Kb max_used=1735Kb free=118264Kb
 bounds [0x00000271d8650000, 0x00000271d88c0000, 0x00000271dfb80000]
CodeHeap 'profiled nmethods': size=120000Kb used=8428Kb max_used=8428Kb free=111572Kb
 bounds [0x00000271d0b80000, 0x00000271d13c0000, 0x00000271d80b0000]
CodeHeap 'non-nmethods': size=5760Kb used=1331Kb max_used=1344Kb free=4428Kb
 bounds [0x00000271d80b0000, 0x00000271d8320000, 0x00000271d8650000]
CodeCache: size=245760Kb, used=11494Kb, max_used=11507Kb, free=234264Kb
 total_blobs=4610, nmethods=3986, adapters=530, full_count=0
Compilation: enabled, stopped_count=0, restarted_count=0

Compilation events (20 events):
Event: 20.829 Thread 0x00000271e5bf4d40 nmethod 3977 0x00000271d13a8990 code [0x00000271d13a8b40, 0x00000271d13a8d28]
Event: 20.833 Thread 0x00000271e5bf4d40 3978       3       java.util.Calendar::internalSet (8 bytes)
Event: 20.833 Thread 0x00000271e5bf4d40 nmethod 3978 0x00000271d13a8e10 code [0x00000271d13a8fc0, 0x00000271d13a90f8]
Event: 20.834 Thread 0x00000271e5bf4d40 3979       3       sun.util.locale.BaseLocale::equals (71 bytes)
Event: 20.834 Thread 0x00000271e5bf4d40 nmethod 3979 0x00000271d13a9210 code [0x00000271d13a93e0, 0x00000271d13a9890]
Event: 20.836 Thread 0x00000271e5bf4d40 3980       3       org.codehaus.plexus.util.xml.pull.MXParser::setNameStart (11 bytes)
Event: 20.836 Thread 0x00000271e5bf4d40 nmethod 3980 0x00000271d13a9990 code [0x00000271d13a9b40, 0x00000271d13a9d38]
Event: 20.836 Thread 0x00000271e5bf4d40 3981       3       org.codehaus.plexus.util.xml.pull.MXParser::setName (7 bytes)
Event: 20.837 Thread 0x00000271e5bf4d40 nmethod 3981 0x00000271d13a9e10 code [0x00000271d13a9fc0, 0x00000271d13aa190]
Event: 20.837 Thread 0x00000271e5bf4d40 3982       3       org.codehaus.plexus.util.xml.pull.MXParser::more (106 bytes)
Event: 20.838 Thread 0x00000271e5bf4d40 nmethod 3982 0x00000271d13aa290 code [0x00000271d13aa4e0, 0x00000271d13aac40]
Event: 20.838 Thread 0x00000271e5bf4d40 3983       3       org.codehaus.plexus.util.xml.pull.MXParser::isValidCodePoint (65 bytes)
Event: 20.838 Thread 0x00000271e5bf4d40 nmethod 3983 0x00000271d13aaf90 code [0x00000271d13ab140, 0x00000271d13ab408]
Event: 20.838 Thread 0x00000271e5bf4d40 3984       3       java.lang.AbstractStringBuilder::append (45 bytes)
Event: 20.839 Thread 0x00000271e5bf4d40 nmethod 3984 0x00000271d13ab490 code [0x00000271d13ab6a0, 0x00000271d13abbc8]
Event: 20.839 Thread 0x00000271e5bf4d40 3985       2       java.util.HashMap::putVal (300 bytes)
Event: 20.840 Thread 0x00000271e5bf4d40 nmethod 3985 0x00000271d13abe10 code [0x00000271d13ac080, 0x00000271d13ac7b8]
Event: 20.840 Thread 0x00000271e5bf4d40 3987       3       java.util.TreeMap::fixAfterInsertion (267 bytes)
Event: 20.842 Thread 0x00000271e5bf4d40 nmethod 3987 0x00000271d13acc10 code [0x00000271d13ad0c0, 0x00000271d13af4f0]
Event: 20.843 Thread 0x00000271e5bf4d40 3993       3       org.codehaus.plexus.util.xml.pull.MXParser::nextImpl (1208 bytes)

GC Heap History (20 events):
Event: 2.842 GC heap before
{Heap before GC invocations=1 (full 0):
 PSYoungGen      total 29696K, used 25600K [0x00000000d5580000, 0x00000000d7680000, 0x0000000100000000)
  eden space 25600K, 100% used [0x00000000d5580000,0x00000000d6e80000,0x00000000d6e80000)
  from space 4096K, 0% used [0x00000000d7280000,0x00000000d7280000,0x00000000d7680000)
  to   space 4096K, 0% used [0x00000000d6e80000,0x00000000d6e80000,0x00000000d7280000)
 ParOldGen       total 68608K, used 0K [0x0000000080000000, 0x0000000084300000, 0x00000000d5580000)
  object space 68608K, 0% used [0x0000000080000000,0x0000000080000000,0x0000000084300000)
 Metaspace       used 4302K, committed 4544K, reserved 1114112K
  class space    used 468K, committed 576K, reserved 1048576K
}
Event: 3.121 GC heap after
{Heap after GC invocations=1 (full 0):
 PSYoungGen      total 29696K, used 3367K [0x00000000d5580000, 0x00000000d7680000, 0x0000000100000000)
  eden space 25600K, 0% used [0x00000000d5580000,0x00000000d5580000,0x00000000d6e80000)
  from space 4096K, 82% used [0x00000000d6e80000,0x00000000d71c9e18,0x00000000d7280000)
  to   space 4096K, 0% used [0x00000000d7280000,0x00000000d7280000,0x00000000d7680000)
 ParOldGen       total 68608K, used 16K [0x0000000080000000, 0x0000000084300000, 0x00000000d5580000)
  object space 68608K, 0% used [0x0000000080000000,0x0000000080004000,0x0000000084300000)
 Metaspace       used 4302K, committed 4544K, reserved 1114112K
  class space    used 468K, committed 576K, reserved 1048576K
}
Event: 10.912 GC heap before
{Heap before GC invocations=2 (full 0):
 PSYoungGen      total 29696K, used 28967K [0x00000000d5580000, 0x00000000d7680000, 0x0000000100000000)
  eden space 25600K, 100% used [0x00000000d5580000,0x00000000d6e80000,0x00000000d6e80000)
  from space 4096K, 82% used [0x00000000d6e80000,0x00000000d71c9e18,0x00000000d7280000)
  to   space 4096K, 0% used [0x00000000d7280000,0x00000000d7280000,0x00000000d7680000)
 ParOldGen       total 68608K, used 16K [0x0000000080000000, 0x0000000084300000, 0x00000000d5580000)
  object space 68608K, 0% used [0x0000000080000000,0x0000000080004000,0x0000000084300000)
 Metaspace       used 7987K, committed 8256K, reserved 1114112K
  class space    used 829K, committed 960K, reserved 1048576K
}
Event: 10.918 GC heap after
{Heap after GC invocations=2 (full 0):
 PSYoungGen      total 29696K, used 4069K [0x00000000d5580000, 0x00000000d7680000, 0x0000000100000000)
  eden space 25600K, 0% used [0x00000000d5580000,0x00000000d5580000,0x00000000d6e80000)
  from space 4096K, 99% used [0x00000000d7280000,0x00000000d76797a0,0x00000000d7680000)
  to   space 4096K, 0% used [0x00000000d6e80000,0x00000000d6e80000,0x00000000d7280000)
 ParOldGen       total 68608K, used 1758K [0x0000000080000000, 0x0000000084300000, 0x00000000d5580000)
  object space 68608K, 2% used [0x0000000080000000,0x00000000801b7968,0x0000000084300000)
 Metaspace       used 7987K, committed 8256K, reserved 1114112K
  class space    used 829K, committed 960K, reserved 1048576K
}
Event: 14.278 GC heap before
{Heap before GC invocations=3 (full 0):
 PSYoungGen      total 29696K, used 29622K [0x00000000d5580000, 0x00000000d7680000, 0x0000000100000000)
  eden space 25600K, 99% used [0x00000000d5580000,0x00000000d6e742e0,0x00000000d6e80000)
  from space 4096K, 99% used [0x00000000d7280000,0x00000000d76797a0,0x00000000d7680000)
  to   space 4096K, 0% used [0x00000000d6e80000,0x00000000d6e80000,0x00000000d7280000)
 ParOldGen       total 68608K, used 1758K [0x0000000080000000, 0x0000000084300000, 0x00000000d5580000)
  object space 68608K, 2% used [0x0000000080000000,0x00000000801b7968,0x0000000084300000)
 Metaspace       used 9420K, committed 9728K, reserved 1114112K
  class space    used 1004K, committed 1152K, reserved 1048576K
}
Event: 14.284 GC heap after
{Heap after GC invocations=3 (full 0):
 PSYoungGen      total 29696K, used 4079K [0x00000000d5580000, 0x00000000d7680000, 0x0000000100000000)
  eden space 25600K, 0% used [0x00000000d5580000,0x00000000d5580000,0x00000000d6e80000)
  from space 4096K, 99% used [0x00000000d6e80000,0x00000000d727bc38,0x00000000d7280000)
  to   space 4096K, 0% used [0x00000000d7280000,0x00000000d7280000,0x00000000d7680000)
 ParOldGen       total 68608K, used 4850K [0x0000000080000000, 0x0000000084300000, 0x00000000d5580000)
  object space 68608K, 7% used [0x0000000080000000,0x00000000804bca90,0x0000000084300000)
 Metaspace       used 9420K, committed 9728K, reserved 1114112K
  class space    used 1004K, committed 1152K, reserved 1048576K
}
Event: 15.886 GC heap before
{Heap before GC invocations=4 (full 0):
 PSYoungGen      total 29696K, used 29679K [0x00000000d5580000, 0x00000000d7680000, 0x0000000100000000)
  eden space 25600K, 100% used [0x00000000d5580000,0x00000000d6e80000,0x00000000d6e80000)
  from space 4096K, 99% used [0x00000000d6e80000,0x00000000d727bc38,0x00000000d7280000)
  to   space 4096K, 0% used [0x00000000d7280000,0x00000000d7280000,0x00000000d7680000)
 ParOldGen       total 68608K, used 4850K [0x0000000080000000, 0x0000000084300000, 0x00000000d5580000)
  object space 68608K, 7% used [0x0000000080000000,0x00000000804bca90,0x0000000084300000)
 Metaspace       used 12117K, committed 12544K, reserved 1114112K
  class space    used 1292K, committed 1472K, reserved 1048576K
}
Event: 15.892 GC heap after
{Heap after GC invocations=4 (full 0):
 PSYoungGen      total 29696K, used 4068K [0x00000000d5580000, 0x00000000d7680000, 0x0000000100000000)
  eden space 25600K, 0% used [0x00000000d5580000,0x00000000d5580000,0x00000000d6e80000)
  from space 4096K, 99% used [0x00000000d7280000,0x00000000d7679328,0x00000000d7680000)
  to   space 4096K, 0% used [0x00000000d6e80000,0x00000000d6e80000,0x00000000d7280000)
 ParOldGen       total 68608K, used 6315K [0x0000000080000000, 0x0000000084300000, 0x00000000d5580000)
  object space 68608K, 9% used [0x0000000080000000,0x000000008062aff0,0x0000000084300000)
 Metaspace       used 12117K, committed 12544K, reserved 1114112K
  class space    used 1292K, committed 1472K, reserved 1048576K
}
Event: 17.151 GC heap before
{Heap before GC invocations=5 (full 0):
 PSYoungGen      total 29696K, used 29668K [0x00000000d5580000, 0x00000000d7680000, 0x0000000100000000)
  eden space 25600K, 100% used [0x00000000d5580000,0x00000000d6e80000,0x00000000d6e80000)
  from space 4096K, 99% used [0x00000000d7280000,0x00000000d7679328,0x00000000d7680000)
  to   space 4096K, 0% used [0x00000000d6e80000,0x00000000d6e80000,0x00000000d7280000)
 ParOldGen       total 68608K, used 6315K [0x0000000080000000, 0x0000000084300000, 0x00000000d5580000)
  object space 68608K, 9% used [0x0000000080000000,0x000000008062aff0,0x0000000084300000)
 Metaspace       used 16036K, committed 16640K, reserved 1114112K
  class space    used 1669K, committed 1984K, reserved 1048576K
}
Event: 17.157 GC heap after
{Heap after GC invocations=5 (full 0):
 PSYoungGen      total 29184K, used 4092K [0x00000000d5580000, 0x00000000d7a00000, 0x0000000100000000)
  eden space 25088K, 0% used [0x00000000d5580000,0x00000000d5580000,0x00000000d6e00000)
  from space 4096K, 99% used [0x00000000d6e80000,0x00000000d727f048,0x00000000d7280000)
  to   space 6144K, 0% used [0x00000000d7400000,0x00000000d7400000,0x00000000d7a00000)
 ParOldGen       total 68608K, used 8143K [0x0000000080000000, 0x0000000084300000, 0x00000000d5580000)
  object space 68608K, 11% used [0x0000000080000000,0x00000000807f3d78,0x0000000084300000)
 Metaspace       used 16036K, committed 16640K, reserved 1114112K
  class space    used 1669K, committed 1984K, reserved 1048576K
}
Event: 18.620 GC heap before
{Heap before GC invocations=6 (full 0):
 PSYoungGen      total 29184K, used 29180K [0x00000000d5580000, 0x00000000d7a00000, 0x0000000100000000)
  eden space 25088K, 100% used [0x00000000d5580000,0x00000000d6e00000,0x00000000d6e00000)
  from space 4096K, 99% used [0x00000000d6e80000,0x00000000d727f048,0x00000000d7280000)
  to   space 6144K, 0% used [0x00000000d7400000,0x00000000d7400000,0x00000000d7a00000)
 ParOldGen       total 68608K, used 8143K [0x0000000080000000, 0x0000000084300000, 0x00000000d5580000)
  object space 68608K, 11% used [0x0000000080000000,0x00000000807f3d78,0x0000000084300000)
 Metaspace       used 18956K, committed 19840K, reserved 1114112K
  class space    used 2000K, committed 2368K, reserved 1048576K
}
Event: 18.624 GC heap after
{Heap after GC invocations=6 (full 0):
 PSYoungGen      total 29696K, used 4856K [0x00000000d5580000, 0x00000000d7900000, 0x0000000100000000)
  eden space 24576K, 0% used [0x00000000d5580000,0x00000000d5580000,0x00000000d6d80000)
  from space 5120K, 94% used [0x00000000d7400000,0x00000000d78be120,0x00000000d7900000)
  to   space 5632K, 0% used [0x00000000d6e00000,0x00000000d6e00000,0x00000000d7380000)
 ParOldGen       total 68608K, used 8151K [0x0000000080000000, 0x0000000084300000, 0x00000000d5580000)
  object space 68608K, 11% used [0x0000000080000000,0x00000000807f5d78,0x0000000084300000)
 Metaspace       used 18956K, committed 19840K, reserved 1114112K
  class space    used 2000K, committed 2368K, reserved 1048576K
}
Event: 18.923 GC heap before
{Heap before GC invocations=7 (full 0):
 PSYoungGen      total 29696K, used 21762K [0x00000000d5580000, 0x00000000d7900000, 0x0000000100000000)
  eden space 24576K, 68% used [0x00000000d5580000,0x00000000d6602938,0x00000000d6d80000)
  from space 5120K, 94% used [0x00000000d7400000,0x00000000d78be120,0x00000000d7900000)
  to   space 5632K, 0% used [0x00000000d6e00000,0x00000000d6e00000,0x00000000d7380000)
 ParOldGen       total 68608K, used 8151K [0x0000000080000000, 0x0000000084300000, 0x00000000d5580000)
  object space 68608K, 11% used [0x0000000080000000,0x00000000807f5d78,0x0000000084300000)
 Metaspace       used 20754K, committed 21504K, reserved 1114112K
  class space    used 2199K, committed 2560K, reserved 1048576K
}
Event: 18.928 GC heap after
{Heap after GC invocations=7 (full 0):
 PSYoungGen      total 29184K, used 4347K [0x00000000d5580000, 0x00000000d7680000, 0x0000000100000000)
  eden space 24576K, 0% used [0x00000000d5580000,0x00000000d5580000,0x00000000d6d80000)
  from space 4608K, 94% used [0x00000000d6e00000,0x00000000d723eed0,0x00000000d7280000)
  to   space 4096K, 0% used [0x00000000d7280000,0x00000000d7280000,0x00000000d7680000)
 ParOldGen       total 68608K, used 9528K [0x0000000080000000, 0x0000000084300000, 0x00000000d5580000)
  object space 68608K, 13% used [0x0000000080000000,0x000000008094e068,0x0000000084300000)
 Metaspace       used 20754K, committed 21504K, reserved 1114112K
  class space    used 2199K, committed 2560K, reserved 1048576K
}
Event: 18.928 GC heap before
{Heap before GC invocations=8 (full 1):
 PSYoungGen      total 29184K, used 4347K [0x00000000d5580000, 0x00000000d7680000, 0x0000000100000000)
  eden space 24576K, 0% used [0x00000000d5580000,0x00000000d5580000,0x00000000d6d80000)
  from space 4608K, 94% used [0x00000000d6e00000,0x00000000d723eed0,0x00000000d7280000)
  to   space 4096K, 0% used [0x00000000d7280000,0x00000000d7280000,0x00000000d7680000)
 ParOldGen       total 68608K, used 9528K [0x0000000080000000, 0x0000000084300000, 0x00000000d5580000)
  object space 68608K, 13% used [0x0000000080000000,0x000000008094e068,0x0000000084300000)
 Metaspace       used 20754K, committed 21504K, reserved 1114112K
  class space    used 2199K, committed 2560K, reserved 1048576K
}
Event: 18.963 GC heap after
{Heap after GC invocations=8 (full 1):
 PSYoungGen      total 29184K, used 0K [0x00000000d5580000, 0x00000000d7680000, 0x0000000100000000)
  eden space 24576K, 0% used [0x00000000d5580000,0x00000000d5580000,0x00000000d6d80000)
  from space 4608K, 0% used [0x00000000d6e00000,0x00000000d6e00000,0x00000000d7280000)
  to   space 4096K, 0% used [0x00000000d7280000,0x00000000d7280000,0x00000000d7680000)
 ParOldGen       total 68608K, used 12987K [0x0000000080000000, 0x0000000084300000, 0x00000000d5580000)
  object space 68608K, 18% used [0x0000000080000000,0x0000000080caec88,0x0000000084300000)
 Metaspace       used 20741K, committed 21504K, reserved 1114112K
  class space    used 2195K, committed 2560K, reserved 1048576K
}
Event: 19.296 GC heap before
{Heap before GC invocations=9 (full 1):
 PSYoungGen      total 29184K, used 24576K [0x00000000d5580000, 0x00000000d7680000, 0x0000000100000000)
  eden space 24576K, 100% used [0x00000000d5580000,0x00000000d6d80000,0x00000000d6d80000)
  from space 4608K, 0% used [0x00000000d6e00000,0x00000000d6e00000,0x00000000d7280000)
  to   space 4096K, 0% used [0x00000000d7280000,0x00000000d7280000,0x00000000d7680000)
 ParOldGen       total 68608K, used 12987K [0x0000000080000000, 0x0000000084300000, 0x00000000d5580000)
  object space 68608K, 18% used [0x0000000080000000,0x0000000080caec88,0x0000000084300000)
 Metaspace       used 23353K, committed 24192K, reserved 1114112K
  class space    used 2361K, committed 2752K, reserved 1048576K
}
Event: 19.298 GC heap after
{Heap after GC invocations=9 (full 1):
 PSYoungGen      total 25088K, used 626K [0x00000000d5580000, 0x00000000d7380000, 0x0000000100000000)
  eden space 24064K, 0% used [0x00000000d5580000,0x00000000d5580000,0x00000000d6d00000)
  from space 1024K, 61% used [0x00000000d7280000,0x00000000d731c9b0,0x00000000d7380000)
  to   space 2048K, 0% used [0x00000000d6f80000,0x00000000d6f80000,0x00000000d7180000)
 ParOldGen       total 68608K, used 12987K [0x0000000080000000, 0x0000000084300000, 0x00000000d5580000)
  object space 68608K, 18% used [0x0000000080000000,0x0000000080caec88,0x0000000084300000)
 Metaspace       used 23353K, committed 24192K, reserved 1114112K
  class space    used 2361K, committed 2752K, reserved 1048576K
}
Event: 19.640 GC heap before
{Heap before GC invocations=10 (full 1):
 PSYoungGen      total 25088K, used 24690K [0x00000000d5580000, 0x00000000d7380000, 0x0000000100000000)
  eden space 24064K, 100% used [0x00000000d5580000,0x00000000d6d00000,0x00000000d6d00000)
  from space 1024K, 61% used [0x00000000d7280000,0x00000000d731c9b0,0x00000000d7380000)
  to   space 2048K, 0% used [0x00000000d6f80000,0x00000000d6f80000,0x00000000d7180000)
 ParOldGen       total 68608K, used 12987K [0x0000000080000000, 0x0000000084300000, 0x00000000d5580000)
  object space 68608K, 18% used [0x0000000080000000,0x0000000080caec88,0x0000000084300000)
 Metaspace       used 26394K, committed 27200K, reserved 1114112K
  class space    used 2594K, committed 2944K, reserved 1048576K
}
Event: 19.642 GC heap after
{Heap after GC invocations=10 (full 1):
 PSYoungGen      total 25600K, used 1732K [0x00000000d5580000, 0x00000000d7300000, 0x0000000100000000)
  eden space 23552K, 0% used [0x00000000d5580000,0x00000000d5580000,0x00000000d6c80000)
  from space 2048K, 84% used [0x00000000d6f80000,0x00000000d7131008,0x00000000d7180000)
  to   space 1536K, 0% used [0x00000000d7180000,0x00000000d7180000,0x00000000d7300000)
 ParOldGen       total 68608K, used 13768K [0x0000000080000000, 0x0000000084300000, 0x00000000d5580000)
  object space 68608K, 20% used [0x0000000080000000,0x0000000080d72198,0x0000000084300000)
 Metaspace       used 26394K, committed 27200K, reserved 1114112K
  class space    used 2594K, committed 2944K, reserved 1048576K
}

Dll operation events (10 events):
Event: 0.030 Loaded shared library c:\Users\WINDOWS 11\.vscode\extensions\redhat.java-1.46.0-win32-x64\jre\21.0.8-win32-x86_64\bin\java.dll
Event: 0.369 Loaded shared library c:\Users\WINDOWS 11\.vscode\extensions\redhat.java-1.46.0-win32-x64\jre\21.0.8-win32-x86_64\bin\zip.dll
Event: 0.403 Loaded shared library C:\Users\WINDOWS 11\.vscode\extensions\redhat.java-1.46.0-win32-x64\jre\21.0.8-win32-x86_64\bin\instrument.dll
Event: 0.415 Loaded shared library C:\Users\WINDOWS 11\.vscode\extensions\redhat.java-1.46.0-win32-x64\jre\21.0.8-win32-x86_64\bin\net.dll
Event: 0.421 Loaded shared library C:\Users\WINDOWS 11\.vscode\extensions\redhat.java-1.46.0-win32-x64\jre\21.0.8-win32-x86_64\bin\nio.dll
Event: 0.431 Loaded shared library C:\Users\WINDOWS 11\.vscode\extensions\redhat.java-1.46.0-win32-x64\jre\21.0.8-win32-x86_64\bin\zip.dll
Event: 0.627 Loaded shared library C:\Users\WINDOWS 11\.vscode\extensions\redhat.java-1.46.0-win32-x64\jre\21.0.8-win32-x86_64\bin\jimage.dll
Event: 1.277 Loaded shared library c:\Users\WINDOWS 11\.vscode\extensions\redhat.java-1.46.0-win32-x64\jre\21.0.8-win32-x86_64\bin\verify.dll
Event: 11.003 Loaded shared library C:\Users\WINDOWS 11\AppData\Roaming\Code\User\globalStorage\redhat.java\1.46.0\config_win\org.eclipse.equinox.launcher\org.eclipse.equinox.launcher.win32.win32.x86_64_1.2.1400.v20250801-0854\eclipse_11916.dll
Event: 17.683 Loaded shared library C:\Users\WINDOWS 11\AppData\Local\Temp\jna--1946447619\jna7381786328473916836.dll

Deoptimization events (20 events):
Event: 20.834 Thread 0x00000271ea68e680 Uncommon trap: trap_request=0xffffff45 fr.pc=0x00000271d872b968 relative=0x0000000000000428
Event: 20.834 Thread 0x00000271ea68e680 Uncommon trap: reason=unstable_if action=reinterpret pc=0x00000271d872b968 method=java.lang.AbstractStringBuilder.isLatin1()Z @ 10 c2
Event: 20.834 Thread 0x00000271ea68e680 DEOPT PACKING pc=0x00000271d872b968 sp=0x00000098daafe560
Event: 20.834 Thread 0x00000271ea68e680 DEOPT UNPACKING pc=0x00000271d8103aa2 sp=0x00000098daafe4c8 mode 2
Event: 20.838 Thread 0x00000271ea68e680 Uncommon trap: trap_request=0xffffffc6 fr.pc=0x00000271d87c5180 relative=0x0000000000000920
Event: 20.839 Thread 0x00000271ea68e680 Uncommon trap: reason=bimorphic_or_optimized_type_check action=maybe_recompile pc=0x00000271d87c5180 method=java.util.HashMap.putVal(ILjava/lang/Object;Ljava/lang/Object;ZZ)Ljava/lang/Object; @ 56 c2
Event: 20.839 Thread 0x00000271ea68e680 DEOPT PACKING pc=0x00000271d87c5180 sp=0x00000098daafdc80
Event: 20.839 Thread 0x00000271ea68e680 DEOPT UNPACKING pc=0x00000271d8103aa2 sp=0x00000098daafdbd8 mode 2
Event: 20.839 Thread 0x00000271ea68e680 Uncommon trap: trap_request=0xffffffc6 fr.pc=0x00000271d87c5180 relative=0x0000000000000920
Event: 20.839 Thread 0x00000271ea68e680 Uncommon trap: reason=bimorphic_or_optimized_type_check action=maybe_recompile pc=0x00000271d87c5180 method=java.util.HashMap.putVal(ILjava/lang/Object;Ljava/lang/Object;ZZ)Ljava/lang/Object; @ 56 c2
Event: 20.839 Thread 0x00000271ea68e680 DEOPT PACKING pc=0x00000271d87c5180 sp=0x00000098daafdc80
Event: 20.839 Thread 0x00000271ea68e680 DEOPT UNPACKING pc=0x00000271d8103aa2 sp=0x00000098daafdbd8 mode 2
Event: 20.839 Thread 0x00000271ea68e680 Uncommon trap: trap_request=0xffffffc6 fr.pc=0x00000271d87c5180 relative=0x0000000000000920
Event: 20.839 Thread 0x00000271ea68e680 Uncommon trap: reason=bimorphic_or_optimized_type_check action=maybe_recompile pc=0x00000271d87c5180 method=java.util.HashMap.putVal(ILjava/lang/Object;Ljava/lang/Object;ZZ)Ljava/lang/Object; @ 56 c2
Event: 20.839 Thread 0x00000271ea68e680 DEOPT PACKING pc=0x00000271d87c5180 sp=0x00000098daafdc80
Event: 20.839 Thread 0x00000271ea68e680 DEOPT UNPACKING pc=0x00000271d8103aa2 sp=0x00000098daafdbd8 mode 2
Event: 20.839 Thread 0x00000271ea68e680 Uncommon trap: trap_request=0xffffffc6 fr.pc=0x00000271d87c5180 relative=0x0000000000000920
Event: 20.839 Thread 0x00000271ea68e680 Uncommon trap: reason=bimorphic_or_optimized_type_check action=maybe_recompile pc=0x00000271d87c5180 method=java.util.HashMap.putVal(ILjava/lang/Object;Ljava/lang/Object;ZZ)Ljava/lang/Object; @ 56 c2
Event: 20.839 Thread 0x00000271ea68e680 DEOPT PACKING pc=0x00000271d87c5180 sp=0x00000098daafdc80
Event: 20.839 Thread 0x00000271ea68e680 DEOPT UNPACKING pc=0x00000271d8103aa2 sp=0x00000098daafdbd8 mode 2

Classes loaded (20 events):
Event: 20.797 Loading class java/lang/StringIndexOutOfBoundsException
Event: 20.798 Loading class java/lang/StringIndexOutOfBoundsException done
Event: 20.799 Loading class java/lang/runtime/ObjectMethods$1
Event: 20.799 Loading class java/lang/runtime/ObjectMethods$1 done
Event: 20.813 Loading class java/lang/invoke/MethodHandleImpl$CountingWrapper
Event: 20.814 Loading class java/lang/invoke/MethodHandleImpl$CountingWrapper done
Event: 20.826 Loading class java/io/FileReader
Event: 20.826 Loading class java/io/FileReader done
Event: 20.837 Loading class java/lang/ProcessEnvironment
Event: 20.837 Loading class java/lang/ProcessEnvironment done
Event: 20.838 Loading class java/lang/ProcessEnvironment$NameComparator
Event: 20.838 Loading class java/lang/ProcessEnvironment$NameComparator done
Event: 20.838 Loading class java/lang/ProcessEnvironment$EntryComparator
Event: 20.838 Loading class java/lang/ProcessEnvironment$EntryComparator done
Event: 20.839 Loading class java/lang/ProcessEnvironment$CheckedEntrySet
Event: 20.840 Loading class java/lang/ProcessEnvironment$CheckedEntrySet done
Event: 20.840 Loading class java/lang/ProcessEnvironment$CheckedEntrySet$1
Event: 20.840 Loading class java/lang/ProcessEnvironment$CheckedEntrySet$1 done
Event: 20.840 Loading class java/lang/ProcessEnvironment$CheckedEntry
Event: 20.840 Loading class java/lang/ProcessEnvironment$CheckedEntry done

Classes unloaded (7 events):
Event: 18.934 Thread 0x00000271cd8e28a0 Unloading class 0x00000271811b0c00 'java/lang/invoke/LambdaForm$MH+0x00000271811b0c00'
Event: 18.934 Thread 0x00000271cd8e28a0 Unloading class 0x00000271811b0800 'java/lang/invoke/LambdaForm$MH+0x00000271811b0800'
Event: 18.934 Thread 0x00000271cd8e28a0 Unloading class 0x00000271811b0400 'java/lang/invoke/LambdaForm$MH+0x00000271811b0400'
Event: 18.934 Thread 0x00000271cd8e28a0 Unloading class 0x00000271811b0000 'java/lang/invoke/LambdaForm$MH+0x00000271811b0000'
Event: 18.934 Thread 0x00000271cd8e28a0 Unloading class 0x00000271811afc00 'java/lang/invoke/LambdaForm$BMH+0x00000271811afc00'
Event: 18.934 Thread 0x00000271cd8e28a0 Unloading class 0x00000271811af800 'java/lang/invoke/LambdaForm$DMH+0x00000271811af800'
Event: 18.934 Thread 0x00000271cd8e28a0 Unloading class 0x00000271811ae400 'java/lang/invoke/LambdaForm$DMH+0x00000271811ae400'

Classes redefined (0 events):
No events

Internal exceptions (20 events):
Event: 18.648 Thread 0x00000271ea68e680 Exception <a 'java/io/FileNotFoundException'{0x00000000d58240d8}> (0x00000000d58240d8) 
thrown [s\src\hotspot\share\prims\jni.cpp, line 520]
Event: 18.649 Thread 0x00000271ea68e680 Exception <a 'java/lang/NoSuchMethodError'{0x00000000d582c6a0}: 'java.lang.Object java.lang.invoke.DirectMethodHandle$Holder.newInvokeSpecial(java.lang.Object, int, java.lang.Object, java.lang.Object)'> (0x00000000d582c6a0) 
thrown [s\src\hotspot\share\interpreter\linkResolver.cpp, line 773]
Event: 18.846 Thread 0x00000271ea68e680 Exception <a 'java/lang/NoSuchMethodError'{0x00000000d60a3278}: 'long java.lang.invoke.Invokers$Holder.invokeExact_MT(java.lang.Object, java.lang.Object)'> (0x00000000d60a3278) 
thrown [s\src\hotspot\share\interpreter\linkResolver.cpp, line 773]
Event: 19.017 Thread 0x00000271ea68e680 Exception <a 'java/lang/NoSuchMethodError'{0x00000000d571d2d0}: 'double java.lang.invoke.DirectMethodHandle$Holder.invokeStatic(java.lang.Object, java.lang.Object)'> (0x00000000d571d2d0) 
thrown [s\src\hotspot\share\interpreter\linkResolver.cpp, line 773]
Event: 19.018 Thread 0x00000271ea68e680 Exception <a 'java/lang/NoSuchMethodError'{0x00000000d5720960}: 'double java.lang.invoke.DirectMethodHandle$Holder.invokeStaticInit(java.lang.Object, java.lang.Object)'> (0x00000000d5720960) 
thrown [s\src\hotspot\share\interpreter\linkResolver.cpp, line 773]
Event: 19.460 Thread 0x00000271ea68e680 Implicit null exception at 0x00000271d87f91f5 to 0x00000271d87f92d0
Event: 20.791 Thread 0x00000271ea9adec0 Exception <a 'java/lang/NoSuchMethodError'{0x00000000d635cf40}: 'java.lang.Object java.lang.invoke.DirectMethodHandle$Holder.invokeStaticInit(java.lang.Object, java.lang.Object, java.lang.Object, java.lang.Object, java.lang.Object, java.lang.Object, java.lang.Object)'> (0x00000000d635cf40) 
thrown [s\src\hotspot\share\interpreter\linkResolver.cpp, line 773]
Event: 20.792 Thread 0x00000271ea9adec0 Exception <a 'java/lang/NoSuchMethodError'{0x00000000d6366a00}: 'java.lang.Object java.lang.invoke.Invokers$Holder.invoke_MT(java.lang.Object, java.lang.Object, java.lang.Object, java.lang.Object, java.lang.Object, java.lang.Object, java.lang.Object, java.lang.Object, java.lang.Object)'> (0x00000000d6366a00) 
thrown [s\src\hotspot\share\interpreter\linkResolver.cpp, line 773]
Event: 20.800 Thread 0x00000271ea9adec0 Exception <a 'java/lang/NoSuchMethodError'{0x00000000d647f188}: 'int java.lang.invoke.DirectMethodHandle$Holder.invokeVirtual(java.lang.Object, java.lang.Object, java.lang.Object)'> (0x00000000d647f188) 
thrown [s\src\hotspot\share\interpreter\linkResolver.cpp, line 773]
Event: 20.800 Thread 0x00000271ea9adec0 Exception <a 'java/lang/NoSuchMethodError'{0x00000000d64880f0}: 'int java.lang.invoke.DirectMethodHandle$Holder.invokeStaticInit(java.lang.Object, int, int)'> (0x00000000d64880f0) 
thrown [s\src\hotspot\share\interpreter\linkResolver.cpp, line 773]
Event: 20.801 Thread 0x00000271ea9adec0 Exception <a 'java/lang/NoSuchMethodError'{0x00000000d6494690}: 'int java.lang.invoke.DirectMethodHandle$Holder.invokeStaticInit(java.lang.Object, long, long)'> (0x00000000d6494690) 
thrown [s\src\hotspot\share\interpreter\linkResolver.cpp, line 773]
Event: 20.802 Thread 0x00000271ea9adec0 Exception <a 'java/lang/NoSuchMethodError'{0x00000000d64a6da0}: 'int java.lang.invoke.DirectMethodHandle$Holder.invokeStaticInit(java.lang.Object, float, float)'> (0x00000000d64a6da0) 
thrown [s\src\hotspot\share\interpreter\linkResolver.cpp, line 773]
Event: 20.803 Thread 0x00000271ea9adec0 Exception <a 'java/lang/NoSuchMethodError'{0x00000000d64be798}: 'int java.lang.invoke.DirectMethodHandle$Holder.invokeStaticInit(java.lang.Object, double, double)'> (0x00000000d64be798) 
thrown [s\src\hotspot\share\interpreter\linkResolver.cpp, line 773]
Event: 20.803 Thread 0x00000271ea9adec0 Exception <a 'java/lang/NoSuchMethodError'{0x00000000d64c7ba8}: 'int java.lang.invoke.DirectMethodHandle$Holder.invokeStatic(java.lang.Object, long)'> (0x00000000d64c7ba8) 
thrown [s\src\hotspot\share\interpreter\linkResolver.cpp, line 773]
Event: 20.807 Thread 0x00000271ea9acb10 Exception <a 'java/lang/NoSuchMethodError'{0x00000000d64fc7f8}: 'int java.lang.invoke.Invokers$Holder.linkToTargetMethod(java.lang.Object, java.lang.Object)'> (0x00000000d64fc7f8) 
thrown [s\src\hotspot\share\interpreter\linkResolver.cpp, line 773]
Event: 20.808 Thread 0x00000271ea9adec0 Exception <a 'java/lang/NoSuchMethodError'{0x00000000d656fc60}: 'int java.lang.invoke.Invokers$Holder.linkToTargetMethod(java.lang.Object, java.lang.Object)'> (0x00000000d656fc60) 
thrown [s\src\hotspot\share\interpreter\linkResolver.cpp, line 773]
Event: 20.809 Thread 0x00000271ea9adec0 Exception <a 'java/lang/NoSuchMethodError'{0x00000000d6587e10}: 'int java.lang.invoke.DirectMethodHandle$Holder.invokeSpecial(java.lang.Object, java.lang.Object, java.lang.Object, java.lang.Object)'> (0x00000000d6587e10) 
thrown [s\src\hotspot\share\interpreter\linkResolver.cpp, line 773]
Event: 20.812 Thread 0x00000271ea9adec0 Exception <a 'java/lang/NoSuchMethodError'{0x00000000d65b1b38}: 'java.lang.Object java.lang.invoke.DirectMethodHandle$Holder.invokeStatic(java.lang.Object, int, java.lang.Object, java.lang.Object)'> (0x00000000d65b1b38) 
thrown [s\src\hotspot\share\interpreter\linkResolver.cpp, line 773]
Event: 20.813 Thread 0x00000271ea9adec0 Exception <a 'java/lang/NoSuchMethodError'{0x00000000d65b5338}: 'java.lang.Object java.lang.invoke.DelegatingMethodHandle$Holder.delegate(java.lang.Object, int, java.lang.Object, java.lang.Object)'> (0x00000000d65b5338) 
thrown [s\src\hotspot\share\interpreter\linkResolver.cpp, line 773]
Event: 20.817 Thread 0x00000271ea9adec0 Exception <a 'java/lang/NoSuchMethodError'{0x00000000d65d8538}: 'int java.lang.invoke.Invokers$Holder.linkToTargetMethod(java.lang.Object, java.lang.Object, java.lang.Object)'> (0x00000000d65d8538) 
thrown [s\src\hotspot\share\interpreter\linkResolver.cpp, line 773]

ZGC Phase Switch (0 events):
No events

VM Operations (20 events):
Event: 18.198 Executing VM operation: HandshakeAllThreads (Deoptimize) done
Event: 18.198 Executing VM operation: Cleanup
Event: 18.198 Executing VM operation: Cleanup done
Event: 18.209 Executing VM operation: HandshakeAllThreads (Deoptimize)
Event: 18.209 Executing VM operation: HandshakeAllThreads (Deoptimize) done
Event: 18.620 Executing VM operation: ParallelGCFailedAllocation (Allocation Failure)
Event: 18.624 Executing VM operation: ParallelGCFailedAllocation (Allocation Failure) done
Event: 18.922 Executing VM operation: CollectForMetadataAllocation (Metadata GC Threshold)
Event: 18.963 Executing VM operation: CollectForMetadataAllocation (Metadata GC Threshold) done
Event: 19.296 Executing VM operation: ParallelGCFailedAllocation (Allocation Failure)
Event: 19.298 Executing VM operation: ParallelGCFailedAllocation (Allocation Failure) done
Event: 19.640 Executing VM operation: ParallelGCFailedAllocation (Allocation Failure)
Event: 19.642 Executing VM operation: ParallelGCFailedAllocation (Allocation Failure) done
Event: 20.815 Executing VM operation: HandshakeAllThreads (Deoptimize)
Event: 20.815 Executing VM operation: HandshakeAllThreads (Deoptimize) done
Event: 20.815 Executing VM operation: Cleanup
Event: 20.815 Executing VM operation: Cleanup done
Event: 20.838 Executing VM operation: HandshakeAllThreads (Deoptimize)
Event: 20.838 Executing VM operation: HandshakeAllThreads (Deoptimize) done
Event: 21.838 Executing VM operation: Cleanup

Memory protections (0 events):
No events

Nmethod flushes (0 events):
No events

Events (20 events):
Event: 10.595 Thread 0x00000271e5e98640 Thread exited: 0x00000271e5e98640
Event: 10.648 Thread 0x00000271cd98e7e0 Thread added: 0x00000271e5ea5a60
Event: 10.833 Thread 0x00000271e5bf4d40 Thread added: 0x00000271e5e7bfb0
Event: 10.924 Thread 0x00000271cd98e7e0 Thread added: 0x00000271ea132590
Event: 11.049 Thread 0x00000271ea132590 Thread added: 0x00000271ea68dc50
Event: 11.052 Thread 0x00000271cd98e7e0 Thread added: 0x00000271ea68e680
Event: 11.114 Thread 0x00000271e5e7bfb0 Thread exited: 0x00000271e5e7bfb0
Event: 11.568 Thread 0x00000271e5bf4d40 Thread added: 0x00000271ea656fc0
Event: 11.712 Thread 0x00000271ea656fc0 Thread exited: 0x00000271ea656fc0
Event: 14.462 Thread 0x00000271ea68e680 Thread added: 0x00000271eab66980
Event: 15.738 Thread 0x00000271ea68e680 Thread added: 0x00000271ea184f90
Event: 15.868 Thread 0x00000271e5bf4d40 Thread added: 0x00000271eacc2530
Event: 16.207 Thread 0x00000271eacc2530 Thread exited: 0x00000271eacc2530
Event: 16.307 Thread 0x00000271ea68e680 Thread added: 0x00000271eb1b0030
Event: 17.764 Thread 0x00000271ea68e680 Thread added: 0x00000271eb0f3630
Event: 17.851 Thread 0x00000271ea68e680 Thread added: 0x00000271ea9acb10
Event: 17.895 Thread 0x00000271ea68e680 Thread added: 0x00000271ea9adec0
Event: 20.786 Thread 0x00000271ea9adec0 Thread added: 0x00000271ea9aebe0
Event: 20.787 Thread 0x00000271ea9aebe0 Thread added: 0x00000271ea9ac480
Event: 20.818 Thread 0x00000271ea68e680 Thread added: 0x00000271ea9af900


Dynamic libraries:
0x00007ff724a90000 - 0x00007ff724a9e000 	c:\Users\WINDOWS 11\.vscode\extensions\redhat.java-1.46.0-win32-x64\jre\21.0.8-win32-x86_64\bin\java.exe
0x00007ffa77200000 - 0x00007ffa77469000 	C:\WINDOWS\SYSTEM32\ntdll.dll
0x00007ffa76c30000 - 0x00007ffa76cf9000 	C:\WINDOWS\System32\KERNEL32.DLL
0x00007ffa749e0000 - 0x00007ffa74dd3000 	C:\WINDOWS\System32\KERNELBASE.dll
0x00007ffa74390000 - 0x00007ffa744db000 	C:\WINDOWS\System32\ucrtbase.dll
0x00007ffa14b60000 - 0x00007ffa14b78000 	c:\Users\WINDOWS 11\.vscode\extensions\redhat.java-1.46.0-win32-x64\jre\21.0.8-win32-x86_64\bin\jli.dll
0x00007ffa75a80000 - 0x00007ffa75c44000 	C:\WINDOWS\System32\USER32.dll
0x00007ffa744e0000 - 0x00007ffa74507000 	C:\WINDOWS\System32\win32u.dll
0x00007ffa77000000 - 0x00007ffa7702b000 	C:\WINDOWS\System32\GDI32.dll
0x00007ffa74de0000 - 0x00007ffa74f0d000 	C:\WINDOWS\System32\gdi32full.dll
0x00007ffa74930000 - 0x00007ffa749d3000 	C:\WINDOWS\System32\msvcp_win.dll
0x00007ffa14b80000 - 0x00007ffa14b9e000 	c:\Users\WINDOWS 11\.vscode\extensions\redhat.java-1.46.0-win32-x64\jre\21.0.8-win32-x86_64\bin\VCRUNTIME140.dll
0x00007ffa5f0c0000 - 0x00007ffa5f353000 	C:\WINDOWS\WinSxS\amd64_microsoft.windows.common-controls_6595b64144ccf1df_6.0.26100.5074_none_3e0d6f78e32fd63f\COMCTL32.dll
0x00007ffa76a20000 - 0x00007ffa76ac9000 	C:\WINDOWS\System32\msvcrt.dll
0x00007ffa768e0000 - 0x00007ffa7690f000 	C:\WINDOWS\System32\IMM32.DLL
0x00007ffa6eda0000 - 0x00007ffa6edac000 	c:\Users\WINDOWS 11\.vscode\extensions\redhat.java-1.46.0-win32-x64\jre\21.0.8-win32-x86_64\bin\vcruntime140_1.dll
0x00007ffa149a0000 - 0x00007ffa14a2d000 	c:\Users\WINDOWS 11\.vscode\extensions\redhat.java-1.46.0-win32-x64\jre\21.0.8-win32-x86_64\bin\msvcp140.dll
0x00007ffa13c00000 - 0x00007ffa14997000 	c:\Users\WINDOWS 11\.vscode\extensions\redhat.java-1.46.0-win32-x64\jre\21.0.8-win32-x86_64\bin\server\jvm.dll
0x00007ffa76ad0000 - 0x00007ffa76b84000 	C:\WINDOWS\System32\ADVAPI32.dll
0x00007ffa758a0000 - 0x00007ffa75946000 	C:\WINDOWS\System32\sechost.dll
0x00007ffa75960000 - 0x00007ffa75a78000 	C:\WINDOWS\System32\RPCRT4.dll
0x00007ffa75c50000 - 0x00007ffa75cc4000 	C:\WINDOWS\System32\WS2_32.dll
0x00007ffa741f0000 - 0x00007ffa7424e000 	C:\WINDOWS\SYSTEM32\POWRPROF.dll
0x00007ffa71ae0000 - 0x00007ffa71b15000 	C:\WINDOWS\SYSTEM32\WINMM.dll
0x00007ffa6d9b0000 - 0x00007ffa6d9bb000 	C:\WINDOWS\SYSTEM32\VERSION.dll
0x00007ffa741d0000 - 0x00007ffa741e4000 	C:\WINDOWS\SYSTEM32\UMPDC.dll
0x00007ffa73170000 - 0x00007ffa7318b000 	C:\WINDOWS\SYSTEM32\kernel.appcore.dll
0x00007ffa67480000 - 0x00007ffa6748a000 	c:\Users\WINDOWS 11\.vscode\extensions\redhat.java-1.46.0-win32-x64\jre\21.0.8-win32-x86_64\bin\jimage.dll
0x00007ffa71820000 - 0x00007ffa71a62000 	C:\WINDOWS\SYSTEM32\DBGHELP.DLL
0x00007ffa75cd0000 - 0x00007ffa7604b000 	C:\WINDOWS\System32\combase.dll
0x00007ffa77030000 - 0x00007ffa77107000 	C:\WINDOWS\System32\OLEAUT32.dll
0x00007ffa71aa0000 - 0x00007ffa71add000 	C:\WINDOWS\SYSTEM32\dbgcore.DLL
0x00007ffa74720000 - 0x00007ffa747b9000 	C:\WINDOWS\System32\bcryptPrimitives.dll
0x00007ffa66690000 - 0x00007ffa6669f000 	c:\Users\WINDOWS 11\.vscode\extensions\redhat.java-1.46.0-win32-x64\jre\21.0.8-win32-x86_64\bin\instrument.dll
0x00007ffa13be0000 - 0x00007ffa13bff000 	c:\Users\WINDOWS 11\.vscode\extensions\redhat.java-1.46.0-win32-x64\jre\21.0.8-win32-x86_64\bin\java.dll
0x00007ffa75130000 - 0x00007ffa7587d000 	C:\WINDOWS\System32\SHELL32.dll
0x00007ffa747c0000 - 0x00007ffa7492c000 	C:\WINDOWS\System32\wintypes.dll
0x00007ffa71ff0000 - 0x00007ffa72849000 	C:\WINDOWS\SYSTEM32\windows.storage.dll
0x00007ffa76110000 - 0x00007ffa76200000 	C:\WINDOWS\System32\SHCORE.dll
0x00007ffa76bc0000 - 0x00007ffa76c22000 	C:\WINDOWS\System32\shlwapi.dll
0x00007ffa742b0000 - 0x00007ffa742d9000 	C:\WINDOWS\SYSTEM32\profapi.dll
0x00007ffa13bc0000 - 0x00007ffa13bd8000 	c:\Users\WINDOWS 11\.vscode\extensions\redhat.java-1.46.0-win32-x64\jre\21.0.8-win32-x86_64\bin\zip.dll
0x00007ffa16100000 - 0x00007ffa16110000 	C:\Users\WINDOWS 11\.vscode\extensions\redhat.java-1.46.0-win32-x64\jre\21.0.8-win32-x86_64\bin\net.dll
0x00007ffa68e40000 - 0x00007ffa68f5f000 	C:\WINDOWS\SYSTEM32\WINHTTP.dll
0x00007ffa736f0000 - 0x00007ffa7375b000 	C:\WINDOWS\system32\mswsock.dll
0x00007ffa13a60000 - 0x00007ffa13a76000 	C:\Users\WINDOWS 11\.vscode\extensions\redhat.java-1.46.0-win32-x64\jre\21.0.8-win32-x86_64\bin\nio.dll
0x00007ffa66680000 - 0x00007ffa66690000 	c:\Users\WINDOWS 11\.vscode\extensions\redhat.java-1.46.0-win32-x64\jre\21.0.8-win32-x86_64\bin\verify.dll
0x00007ffa12280000 - 0x00007ffa122c4000 	C:\Users\WINDOWS 11\AppData\Roaming\Code\User\globalStorage\redhat.java\1.46.0\config_win\org.eclipse.equinox.launcher\org.eclipse.equinox.launcher.win32.win32.x86_64_1.2.1400.v20250801-0854\eclipse_11916.dll
0x00007ffa76210000 - 0x00007ffa763a8000 	C:\WINDOWS\System32\ole32.dll
0x00007ffa73990000 - 0x00007ffa739ab000 	C:\WINDOWS\SYSTEM32\CRYPTSP.dll
0x00007ffa730d0000 - 0x00007ffa7310b000 	C:\WINDOWS\system32\rsaenh.dll
0x00007ffa73790000 - 0x00007ffa737bb000 	C:\WINDOWS\SYSTEM32\USERENV.dll
0x00007ffa74280000 - 0x00007ffa742a6000 	C:\WINDOWS\SYSTEM32\bcrypt.dll
0x00007ffa739b0000 - 0x00007ffa739bc000 	C:\WINDOWS\SYSTEM32\CRYPTBASE.dll
0x00007ffa72b70000 - 0x00007ffa72ba4000 	C:\WINDOWS\SYSTEM32\IPHLPAPI.DLL
0x00007ffa75950000 - 0x00007ffa7595a000 	C:\WINDOWS\System32\NSI.dll
0x00007ffa5afd0000 - 0x00007ffa5b019000 	C:\Users\WINDOWS 11\AppData\Local\Temp\jna--1946447619\jna7381786328473916836.dll
0x00007ffa768d0000 - 0x00007ffa768d8000 	C:\WINDOWS\System32\PSAPI.DLL

JVMTI agents:
c:\Users\WINDOWS 11\.vscode\extensions\redhat.java-1.46.0-win32-x64\lombok\lombok-1.18.39-4050.jar path:c:\Users\WINDOWS 11\.vscode\extensions\redhat.java-1.46.0-win32-x64\jre\21.0.8-win32-x86_64\bin\instrument.dll, loaded, initialized, instrumentlib options:none

dbghelp: loaded successfully - version: 4.0.5 - missing functions: none
symbol engine: initialized successfully - sym options: 0x614 - pdb path: .;c:\Users\WINDOWS 11\.vscode\extensions\redhat.java-1.46.0-win32-x64\jre\21.0.8-win32-x86_64\bin;C:\WINDOWS\SYSTEM32;C:\WINDOWS\WinSxS\amd64_microsoft.windows.common-controls_6595b64144ccf1df_6.0.26100.5074_none_3e0d6f78e32fd63f;c:\Users\WINDOWS 11\.vscode\extensions\redhat.java-1.46.0-win32-x64\jre\21.0.8-win32-x86_64\bin\server;C:\Users\WINDOWS 11\AppData\Roaming\Code\User\globalStorage\redhat.java\1.46.0\config_win\org.eclipse.equinox.launcher\org.eclipse.equinox.launcher.win32.win32.x86_64_1.2.1400.v20250801-0854;C:\Users\WINDOWS 11\AppData\Local\Temp\jna--1946447619

VM Arguments:
jvm_args: --add-modules=ALL-SYSTEM --add-opens=java.base/java.util=ALL-UNNAMED --add-opens=java.base/java.lang=ALL-UNNAMED --add-opens=java.base/sun.nio.fs=ALL-UNNAMED -Declipse.application=org.eclipse.jdt.ls.core.id1 -Dosgi.bundles.defaultStartLevel=4 -Declipse.product=org.eclipse.jdt.ls.core.product -Djava.import.generatesMetadataFilesAtProjectRoot=false -DDetectVMInstallationsJob.disabled=true -Dfile.encoding=utf8 -XX:+UseParallelGC -XX:GCTimeRatio=4 -XX:AdaptiveSizePolicyWeight=90 -Dsun.zip.disableMemoryMapping=true -Xmx2G -Xms100m -Xlog:disable -javaagent:c:\Users\WINDOWS 11\.vscode\extensions\redhat.java-1.46.0-win32-x64\lombok\lombok-1.18.39-4050.jar -XX:+HeapDumpOnOutOfMemoryError -XX:HeapDumpPath=c:\Users\WINDOWS 11\AppData\Roaming\Code\User\workspaceStorage\37ecb63578796b237bf467e3dc9e26c9\redhat.java -Daether.dependencyCollector.impl=bf 
java_command: c:\Users\WINDOWS 11\.vscode\extensions\redhat.java-1.46.0-win32-x64\server\plugins\org.eclipse.equinox.launcher_1.7.0.v20250519-0528.jar -configuration c:\Users\WINDOWS 11\AppData\Roaming\Code\User\globalStorage\redhat.java\1.46.0\config_win -data c:\Users\WINDOWS 11\AppData\Roaming\Code\User\workspaceStorage\37ecb63578796b237bf467e3dc9e26c9\redhat.java\jdt_ws --pipe=\\.\pipe\lsp-92fbcd7b619c21ec31647e9d3e338b6c-sock
java_class_path (initial): c:\Users\WINDOWS 11\.vscode\extensions\redhat.java-1.46.0-win32-x64\server\plugins\org.eclipse.equinox.launcher_1.7.0.v20250519-0528.jar
Launcher Type: SUN_STANDARD

[Global flags]
    uintx AdaptiveSizePolicyWeight                 = 90                                        {product} {command line}
     intx CICompilerCount                          = 4                                         {product} {ergonomic}
    uintx GCTimeRatio                              = 4                                         {product} {command line}
     bool HeapDumpOnOutOfMemoryError               = true                                   {manageable} {command line}
    ccstr HeapDumpPath                             = c:\Users\WINDOWS 11\AppData\Roaming\Code\User\workspaceStorage\37ecb63578796b237bf467e3dc9e26c9\redhat.java         {manageable} {command line}
   size_t InitialHeapSize                          = 104857600                                 {product} {command line}
   size_t MaxHeapSize                              = 2147483648                                {product} {command line}
   size_t MaxNewSize                               = 715653120                                 {product} {ergonomic}
   size_t MinHeapDeltaBytes                        = 524288                                    {product} {ergonomic}
   size_t MinHeapSize                              = 104857600                                 {product} {command line}
   size_t NewSize                                  = 34603008                                  {product} {ergonomic}
    uintx NonNMethodCodeHeapSize                   = 5839372                                {pd product} {ergonomic}
    uintx NonProfiledCodeHeapSize                  = 122909434                              {pd product} {ergonomic}
   size_t OldSize                                  = 70254592                                  {product} {ergonomic}
    uintx ProfiledCodeHeapSize                     = 122909434                              {pd product} {ergonomic}
    uintx ReservedCodeCacheSize                    = 251658240                              {pd product} {ergonomic}
     bool SegmentedCodeCache                       = true                                      {product} {ergonomic}
   size_t SoftMaxHeapSize                          = 2147483648                             {manageable} {ergonomic}
     bool UseCompressedOops                        = true                           {product lp64_product} {ergonomic}
     bool UseLargePagesIndividualAllocation        = false                                  {pd product} {ergonomic}
     bool UseParallelGC                            = true                                      {product} {command line}

Logging:
Log output configuration:
 #0: stdout all=off uptime,level,tags foldmultilines=false
 #1: stderr all=off uptime,level,tags foldmultilines=false

Environment Variables:
PATH=C:\Program Files (x86)\VMware\VMware Workstation\bin\;C:\Program Files\Common Files\Oracle\Java\javapath;C:\Program Files (x86)\Common Files\Oracle\Java\java8path;C:\Program Files (x86)\Common Files\Oracle\Java\javapath;C:\WINDOWS\system32;C:\WINDOWS;C:\WINDOWS\System32\Wbem;C:\WINDOWS\System32\WindowsPowerShell\v1.0\;C:\WINDOWS\System32\OpenSSH\;C:\Program Files (x86)\Microsoft SQL Server\160\DTS\Binn\;C:\Program Files (x86)\Microsoft SQL Server\160\Tools\Binn\;C:\Program Files\Microsoft SQL Server\160\Tools\Binn\;C:\Program Files\Microsoft SQL Server\Client SDK\ODBC\170\Tools\Binn\;C:\Program Files\Microsoft SQL Server\160\DTS\Binn\;C:\Program Files\Git\cmd;C:\laragon\bin\php\php-8.2.12-Win32-vs16-x64;C:\ProgramData\ComposerSetup\bin;C:\Program Files (x86)\Windows Kits\10\Windows Performance Toolkit\;C:\Users\WINDOWS 11\AppData\Local\Programs\Python\Launcher\;C:\laragon\bin;C:\laragon\bin\apache\httpd-2.4.54-win64-VS16\bin;C:\laragon\bin\composer;C:\laragon\bin\git\bin;C:\laragon\bin\git\cmd;C:\laragon\bin\git\mingw64\bin;C:\laragon\bin\git\usr\bin;C:\laragon\bin\laragon\utils;C:\laragon\bin\mysql\mysql-8.0.30-winx64\bin;C:\laragon\bin\nginx\nginx-1.22.0;C:\laragon\bin\ngrok;C:\laragon\bin\nodejs\node-v18;C:\laragon\bin\notepad++;C:\laragon\bin\php\php-8.2.12-Win32-vs16-x64;C:\laragon\bin\python\python-3.10;C:\laragon\bin\python\python-3.10\Scripts;C:\laragon\bin\redis\redis-x64-5.0.14.1;C:\laragon\bin\telnet;C:\laragon\usr\bin;C:\Users\WINDOWS 11\AppData\Local\Yarn\config\global\node_modules\.bin;C:\Users\WINDOWS 11\AppData\Roaming\Composer\vendor\bin;C:\Users\WINDOWS 11\AppData\Roaming\npm;C:\Users\WINDOWS 11\AppData\Local\Microsoft\WindowsApps;C:\Users\WINDOWS 11\AppData\Local\Programs\Microsoft VS Code\bin;C:\src\flutter\bin;
USERNAME=WINDOWS 11
OS=Windows_NT
PROCESSOR_IDENTIFIER=AMD64 Family 23 Model 160 Stepping 0, AuthenticAMD
TMP=C:\Users\WINDOW~1\AppData\Local\Temp
TEMP=C:\Users\WINDOW~1\AppData\Local\Temp




Periodic native trim disabled

---------------  S Y S T E M  ---------------

OS:
 Windows 11 , 64 bit Build 26100 (10.0.26100.5074)
OS uptime: 0 days 1:58 hours
Hyper-V role detected

CPU: total 8 (initial active 8) (8 cores per cpu, 2 threads per core) family 23 model 160 stepping 0 microcode 0x8a00006, cx8, cmov, fxsr, ht, mmx, 3dnowpref, sse, sse2, sse3, ssse3, sse4a, sse4.1, sse4.2, popcnt, lzcnt, tsc, tscinvbit, avx, avx2, aes, clmul, bmi1, bmi2, adx, sha, fma, vzeroupper, clflush, clflushopt, hv, rdtscp, rdpid, f16c
Processor Information for the first 8 processors :
  Max Mhz: 2401, Current Mhz: 2401, Mhz Limit: 2401

Memory: 4k page, system-wide physical 5877M (83M free)
TotalPageFile size 21070M (AvailPageFile size 8M)
current process WorkingSet (physical memory assigned to process): 146M, peak: 150M
current process commit charge ("private bytes"): 286M, peak: 290M

vm_info: OpenJDK 64-Bit Server VM (21.0.8+9-LTS) for windows-amd64 JRE (21.0.8+9-LTS), built on 2025-07-15T00:00:00Z by "admin" with MS VC++ 17.7 (VS2022)

END.
